\BOOKMARK [1][-]{section.1}{\376\377\000M\000u\000l\000t\000i\000s\000t\000e\000p\000\040\000Q\000-\000L\000e\000a\000r\000n\000i\000n\000g}{}% 1
\BOOKMARK [2][-]{subsection.1.1}{\376\377\000T\000D\000-\000L\000e\000a\000r\000n\000i\000n\000g\000\040\000B\000i\000a\000s\000\040\000\050\0002\000\040\000p\000o\000i\000n\000t\000s\000\051}{section.1}% 2
\BOOKMARK [2][-]{subsection.1.2}{\376\377\000T\000a\000b\000u\000l\000a\000r\000\040\000L\000e\000a\000r\000n\000i\000n\000g\000\040\000\050\0006\000\040\000p\000o\000i\000n\000t\000s\000\040\000t\000o\000t\000a\000l\000\051}{section.1}% 3
\BOOKMARK [2][-]{subsection.1.3}{\376\377\000V\000a\000r\000i\000a\000n\000c\000e\000\040\000o\000f\000\040\000Q\000\040\000E\000s\000t\000i\000m\000a\000t\000e\000\040\000\050\0002\000\040\000p\000o\000i\000n\000t\000s\000\051}{section.1}% 4
\BOOKMARK [2][-]{subsection.1.4}{\376\377\000F\000u\000n\000c\000t\000i\000o\000n\000\040\000A\000p\000p\000r\000o\000x\000i\000m\000a\000t\000i\000o\000n\000\040\000\050\0002\000\040\000p\000o\000i\000n\000t\000s\000\051}{section.1}% 5
\BOOKMARK [2][-]{subsection.1.5}{\376\377\000M\000u\000l\000t\000i\000s\000t\000e\000p\000\040\000I\000m\000p\000o\000r\000t\000a\000n\000c\000e\000\040\000S\000a\000m\000p\000l\000i\000n\000g\000\040\000\050\0005\000\040\000p\000o\000i\000n\000t\000s\000\051}{section.1}% 6
\BOOKMARK [1][-]{section.2}{\376\377\000D\000e\000e\000p\000\040\000Q\000-\000L\000e\000a\000r\000n\000i\000n\000g}{}% 7
\BOOKMARK [2][-]{subsection.2.1}{\376\377\000I\000n\000t\000r\000o\000d\000u\000c\000t\000i\000o\000n}{section.2}% 8
\BOOKMARK [2][-]{subsection.2.2}{\376\377\000F\000i\000l\000e\000\040\000o\000v\000e\000r\000v\000i\000e\000w}{section.2}% 9
\BOOKMARK [2][-]{subsection.2.3}{\376\377\000I\000m\000p\000l\000e\000m\000e\000n\000t\000a\000t\000i\000o\000n}{section.2}% 10
\BOOKMARK [2][-]{subsection.2.4}{\376\377\000B\000a\000s\000i\000c\000\040\000Q\000-\000L\000e\000a\000r\000n\000i\000n\000g}{section.2}% 11
\BOOKMARK [2][-]{subsection.2.5}{\376\377\000D\000o\000u\000b\000l\000e\000\040\000Q\000-\000L\000e\000a\000r\000n\000i\000n\000g}{section.2}% 12
\BOOKMARK [2][-]{subsection.2.6}{\376\377\000E\000x\000p\000e\000r\000i\000m\000e\000n\000t\000i\000n\000g\000\040\000w\000i\000t\000h\000\040\000H\000y\000p\000e\000r\000p\000a\000r\000a\000m\000e\000t\000e\000r\000s}{section.2}% 13
\BOOKMARK [1][-]{section.3}{\376\377\000C\000o\000n\000t\000i\000n\000u\000o\000u\000s\000\040\000A\000c\000t\000i\000o\000n\000s\000\040\000w\000i\000t\000h\000\040\000A\000c\000t\000o\000r\000-\000C\000r\000i\000t\000i\000c}{}% 14
\BOOKMARK [2][-]{subsection.3.1}{\376\377\000I\000m\000p\000l\000e\000m\000e\000n\000t\000a\000t\000i\000o\000n}{section.3}% 15
\BOOKMARK [3][-]{subsubsection.3.1.1}{\376\377\000B\000o\000o\000t\000s\000t\000r\000a\000p\000p\000i\000n\000g}{subsection.3.1}% 16
\BOOKMARK [3][-]{subsubsection.3.1.2}{\376\377\000E\000n\000t\000r\000o\000p\000y\000\040\000B\000o\000n\000u\000s\000\040\000a\000n\000d\000\040\000S\000o\000f\000t\000\040\000A\000c\000t\000o\000r\000-\000C\000r\000i\000t\000i\000c}{subsection.3.1}% 17
\BOOKMARK [3][-]{subsubsection.3.1.3}{\376\377\000A\000c\000t\000o\000r\000\040\000w\000i\000t\000h\000\040\000R\000E\000I\000N\000F\000O\000R\000C\000E}{subsection.3.1}% 18
\BOOKMARK [3][-]{subsubsection.3.1.4}{\376\377\000A\000c\000t\000o\000r\000\040\000w\000i\000t\000h\000\040\000R\000E\000P\000A\000R\000A\000M\000E\000T\000R\000I\000Z\000E}{subsection.3.1}% 19
\BOOKMARK [3][-]{subsubsection.3.1.5}{\376\377\000S\000t\000a\000b\000i\000l\000i\000z\000i\000n\000g\000\040\000T\000a\000r\000g\000e\000t\000\040\000V\000a\000l\000u\000e\000s}{subsection.3.1}% 20
\BOOKMARK [1][-]{section.4}{\376\377\000S\000u\000b\000m\000i\000t\000t\000i\000n\000g\000\040\000t\000h\000e\000\040\000c\000o\000d\000e\000\040\000a\000n\000d\000\040\000e\000x\000p\000e\000r\000i\000m\000e\000n\000t\000\040\000r\000u\000n\000s}{}% 21
